  lab4.cpp
C:\Users\wqrxysf\source\repos\lab4\lab4\lab4.cpp(57,27): error C2429: для функция языка "структурированные привязки" нужен флаг компилятора "/std:c++17" 
C:\Users\wqrxysf\source\repos\lab4\lab4\lab4.cpp(58,17): error C2672: "find": не найдена соответствующая перегруженная функция
      C:\Program Files\Microsoft Visual Studio\2022\Community\VC\Tools\MSVC\14.41.34120\include\xutility(6019,31):
      может быть "_InIt std::find(_InIt,const _InIt,const _Ty &)"
          C:\Users\wqrxysf\source\repos\lab4\lab4\lab4.cpp(58,17):
          Сбой при специализации функции-шаблона "_InIt std::find(_InIt,const _InIt,const _Ty &)"
              C:\Users\wqrxysf\source\repos\lab4\lab4\lab4.cpp(58,17):
              Со следующими аргументами шаблона:
                  C:\Users\wqrxysf\source\repos\lab4\lab4\lab4.cpp(58,17):
                  "_InIt=std::_Vector_iterator<std::_Vector_val<std::_Simple_types<_Ty>>>"
                  C:\Users\wqrxysf\source\repos\lab4\lab4\lab4.cpp(58,17):
                  "_Ty=unknown-type"
  
C:\Users\wqrxysf\source\repos\lab4\lab4\lab4.cpp(61,31): error C2677: бинарный "==": не найден глобальный оператор, принимающий тип "_Ty" (или приемлемое преобразование отсутствует)
C:\Users\wqrxysf\source\repos\lab4\lab4\lab4.cpp(61,31): error C2677:         with
C:\Users\wqrxysf\source\repos\lab4\lab4\lab4.cpp(61,31): error C2677:         [
C:\Users\wqrxysf\source\repos\lab4\lab4\lab4.cpp(61,31): error C2677:             _Ty=Apartment
C:\Users\wqrxysf\source\repos\lab4\lab4\lab4.cpp(61,31): error C2677:         ]
      C:\Program Files\Microsoft Visual Studio\2022\Community\VC\Tools\MSVC\14.41.34120\include\set(424,17):
      может быть "bool std::operator ==(const std::multiset<_Kty,_Pr,_Alloc> &,const std::multiset<_Kty,_Pr,_Alloc> &)"
          C:\Users\wqrxysf\source\repos\lab4\lab4\lab4.cpp(61,22):
          'bool std::operator ==(const std::multiset<_Kty,_Pr,_Alloc> &,const std::multiset<_Kty,_Pr,_Alloc> &)': не удалось вывести аргумент шаблон для 'const std::multiset<_Kty,_Pr,_Alloc> &' из 'unknown-type'
      C:\Program Files\Microsoft Visual Studio\2022\Community\VC\Tools\MSVC\14.41.34120\include\set(209,17):
      или       "bool std::operator ==(const std::set<_Kty,_Pr,_Alloc> &,const std::set<_Kty,_Pr,_Alloc> &)"
          C:\Users\wqrxysf\source\repos\lab4\lab4\lab4.cpp(61,22):
          'bool std::operator ==(const std::set<_Kty,_Pr,_Alloc> &,const std::set<_Kty,_Pr,_Alloc> &)': не удалось вывести аргумент шаблон для 'const std::set<_Kty,_Pr,_Alloc> &' из 'unknown-type'
      C:\Program Files\Microsoft Visual Studio\2022\Community\VC\Tools\MSVC\14.41.34120\include\unordered_map(908,17):
      или       "bool std::operator ==(const std::unordered_multimap<_Kty,_Ty,_Hasher,_Keyeq,_Alloc> &,const std::unordered_multimap<_Kty,_Ty,_Hasher,_Keyeq,_Alloc> &)"
          C:\Users\wqrxysf\source\repos\lab4\lab4\lab4.cpp(61,22):
          'bool std::operator ==(const std::unordered_multimap<_Kty,_Ty,_Hasher,_Keyeq,_Alloc> &,const std::unordered_multimap<_Kty,_Ty,_Hasher,_Keyeq,_Alloc> &)': не удалось вывести аргумент шаблон для 'const std::unordered_multimap<_Kty,_Ty,_Hasher,_Keyeq,_Alloc> &' из 'unknown-type'
      C:\Program Files\Microsoft Visual Studio\2022\Community\VC\Tools\MSVC\14.41.34120\include\unordered_map(536,17):
      или       "bool std::operator ==(const std::unordered_map<_Kty,_Ty,_Hasher,_Keyeq,_Alloc> &,const std::unordered_map<_Kty,_Ty,_Hasher,_Keyeq,_Alloc> &)"
          C:\Users\wqrxysf\source\repos\lab4\lab4\lab4.cpp(61,22):
          'bool std::operator ==(const std::unordered_map<_Kty,_Ty,_Hasher,_Keyeq,_Alloc> &,const std::unordered_map<_Kty,_Ty,_Hasher,_Keyeq,_Alloc> &)': не удалось вывести аргумент шаблон для 'const std::unordered_map<_Kty,_Ty,_Hasher,_Keyeq,_Alloc> &' из 'unknown-type'
      C:\Program Files\Microsoft Visual Studio\2022\Community\VC\Tools\MSVC\14.41.34120\include\tuple(863,27):
      или       "bool std::operator ==(const std::tuple<_Types...> &,const std::tuple<_Types...> &)"
          C:\Users\wqrxysf\source\repos\lab4\lab4\lab4.cpp(61,22):
          'bool std::operator ==(const std::tuple<_Types...> &,const std::tuple<_Types...> &)': не удалось вывести аргумент шаблон для 'const std::tuple<_Types...> &' из 'unknown-type'
      C:\Program Files\Microsoft Visual Studio\2022\Community\VC\Tools\MSVC\14.41.34120\include\list(1878,17):
      или       "bool std::operator ==(const std::list<_Ty,_Alloc> &,const std::list<_Ty,_Alloc> &)"
          C:\Users\wqrxysf\source\repos\lab4\lab4\lab4.cpp(61,22):
          'bool std::operator ==(const std::list<_Ty,_Alloc> &,const std::list<_Ty,_Alloc> &)': не удалось вывести аргумент шаблон для 'const std::list<_Ty,_Alloc> &' из 'unknown-type'
      C:\Program Files\Microsoft Visual Studio\2022\Community\VC\Tools\MSVC\14.41.34120\include\vector(2224,30):
      или       "bool std::operator ==(const std::vector<_Ty,_Alloc> &,const std::vector<_Ty,_Alloc> &)"
          C:\Users\wqrxysf\source\repos\lab4\lab4\lab4.cpp(61,22):
          'bool std::operator ==(const std::vector<_Ty,_Alloc> &,const std::vector<_Ty,_Alloc> &)': не удалось вывести аргумент шаблон для 'const std::vector<_Ty,_Alloc> &' из 'unknown-type'
      C:\Program Files\Microsoft Visual Studio\2022\Community\VC\Tools\MSVC\14.41.34120\include\memory(3687,17):
      или       "bool std::operator ==(std::nullptr_t,const std::unique_ptr<_Ty,_Dx> &) noexcept"
          C:\Users\wqrxysf\source\repos\lab4\lab4\lab4.cpp(61,22):
          'bool std::operator ==(std::nullptr_t,const std::unique_ptr<_Ty,_Dx> &) noexcept': не удалось вывести аргумент шаблон для 'const std::unique_ptr<_Ty,_Dx> &' из '_Ty'
          with
          [
              _Ty=Apartment
          ]
      C:\Program Files\Microsoft Visual Studio\2022\Community\VC\Tools\MSVC\14.41.34120\include\memory(3681,30):
      или       "bool std::operator ==(const std::unique_ptr<_Ty,_Dx> &,std::nullptr_t) noexcept"
          C:\Users\wqrxysf\source\repos\lab4\lab4\lab4.cpp(61,22):
          'bool std::operator ==(const std::unique_ptr<_Ty,_Dx> &,std::nullptr_t) noexcept': не удалось вывести аргумент шаблон для 'const std::unique_ptr<_Ty,_Dx> &' из 'unknown-type'
      C:\Program Files\Microsoft Visual Studio\2022\Community\VC\Tools\MSVC\14.41.34120\include\memory(3633,30):
      или       "bool std::operator ==(const std::unique_ptr<_Ty,_Dx> &,const std::unique_ptr<_Ty2,_Dx2> &)"
          C:\Users\wqrxysf\source\repos\lab4\lab4\lab4.cpp(61,22):
          'bool std::operator ==(const std::unique_ptr<_Ty,_Dx> &,const std::unique_ptr<_Ty2,_Dx2> &)': не удалось вывести аргумент шаблон для 'const std::unique_ptr<_Ty,_Dx> &' из 'unknown-type'
      C:\Program Files\Microsoft Visual Studio\2022\Community\VC\Tools\MSVC\14.41.34120\include\memory(1923,17):
      или       "bool std::operator ==(std::nullptr_t,const std::shared_ptr<_Ty> &) noexcept"
          C:\Users\wqrxysf\source\repos\lab4\lab4\lab4.cpp(61,22):
          'bool std::operator ==(std::nullptr_t,const std::shared_ptr<_Ty> &) noexcept': не удалось вывести аргумент шаблон для 'const std::shared_ptr<_Ty> &' из '_Ty'
          with
          [
              _Ty=Apartment
          ]
      C:\Program Files\Microsoft Visual Studio\2022\Community\VC\Tools\MSVC\14.41.34120\include\memory(1912,17):
      или       "bool std::operator ==(const std::shared_ptr<_Ty> &,std::nullptr_t) noexcept"
          C:\Users\wqrxysf\source\repos\lab4\lab4\lab4.cpp(61,22):
          'bool std::operator ==(const std::shared_ptr<_Ty> &,std::nullptr_t) noexcept': не удалось вывести аргумент шаблон для 'const std::shared_ptr<_Ty> &' из 'unknown-type'
      C:\Program Files\Microsoft Visual Studio\2022\Community\VC\Tools\MSVC\14.41.34120\include\memory(1875,17):
      или       "bool std::operator ==(const std::shared_ptr<_Ty> &,const std::shared_ptr<_Ty0> &) noexcept"
          C:\Users\wqrxysf\source\repos\lab4\lab4\lab4.cpp(61,22):
          'bool std::operator ==(const std::shared_ptr<_Ty> &,const std::shared_ptr<_Ty0> &) noexcept': не удалось вывести аргумент шаблон для 'const std::shared_ptr<_Ty> &' из 'unknown-type'
      C:\Program Files\Microsoft Visual Studio\2022\Community\VC\Tools\MSVC\14.41.34120\include\xstring(3258,17):
      или       "bool std::operator ==(const _Elem *const ,const std::basic_string<_Elem,_Traits,_Alloc> &) noexcept"
          C:\Users\wqrxysf\source\repos\lab4\lab4\lab4.cpp(61,22):
          'bool std::operator ==(const _Elem *const ,const std::basic_string<_Elem,_Traits,_Alloc> &) noexcept': не удалось вывести аргумент шаблон для 'const _Elem *const ' из 'unknown-type'
      C:\Program Files\Microsoft Visual Studio\2022\Community\VC\Tools\MSVC\14.41.34120\include\xstring(3239,30):
      или       "bool std::operator ==(const std::basic_string<_Elem,_Traits,_Alloc> &,const _Elem *const ) noexcept"
          C:\Users\wqrxysf\source\repos\lab4\lab4\lab4.cpp(61,22):
          'bool std::operator ==(const std::basic_string<_Elem,_Traits,_Alloc> &,const _Elem *const ) noexcept': не удалось вывести аргумент шаблон для 'const std::basic_string<_Elem,_Traits,_Alloc> &' из 'unknown-type'
      C:\Program Files\Microsoft Visual Studio\2022\Community\VC\Tools\MSVC\14.41.34120\include\xstring(3233,30):
      или       "bool std::operator ==(const std::basic_string<_Elem,_Traits,_Alloc> &,const std::basic_string<_Elem,_Traits,_Alloc> &) noexcept"
          C:\Users\wqrxysf\source\repos\lab4\lab4\lab4.cpp(61,22):
          'bool std::operator ==(const std::basic_string<_Elem,_Traits,_Alloc> &,const std::basic_string<_Elem,_Traits,_Alloc> &) noexcept': не удалось вывести аргумент шаблон для 'const std::basic_string<_Elem,_Traits,_Alloc> &' из 'unknown-type'
      C:\Program Files\Microsoft Visual Studio\2022\Community\VC\Tools\MSVC\14.41.34120\include\xmemory(1014,30):
      или       "bool std::operator ==(const std::allocator<_Ty> &,const std::allocator<_Other> &) noexcept"
          C:\Users\wqrxysf\source\repos\lab4\lab4\lab4.cpp(61,22):
          'bool std::operator ==(const std::allocator<_Ty> &,const std::allocator<_Other> &) noexcept': не удалось вывести аргумент шаблон для 'const std::allocator<_Ty> &' из 'unknown-type'
      C:\Program Files\Microsoft Visual Studio\2022\Community\VC\Tools\MSVC\14.41.34120\include\iterator(488,17):
      или       "bool std::operator ==(const std::istreambuf_iterator<_Elem,_Traits> &,const std::istreambuf_iterator<_Elem,_Traits> &)"
          C:\Users\wqrxysf\source\repos\lab4\lab4\lab4.cpp(61,22):
          'bool std::operator ==(const std::istreambuf_iterator<_Elem,_Traits> &,const std::istreambuf_iterator<_Elem,_Traits> &)': не удалось вывести аргумент шаблон для 'const std::istreambuf_iterator<_Elem,_Traits> &' из 'unknown-type'
      C:\Program Files\Microsoft Visual Studio\2022\Community\VC\Tools\MSVC\14.41.34120\include\iterator(306,17):
      или       "bool std::operator ==(const std::istream_iterator<_Ty,_Elem,_Traits,_Diff> &,const std::istream_iterator<_Ty,_Elem,_Traits,_Diff> &) noexcept"
          C:\Users\wqrxysf\source\repos\lab4\lab4\lab4.cpp(61,22):
          'bool std::operator ==(const std::istream_iterator<_Ty,_Elem,_Traits,_Diff> &,const std::istream_iterator<_Ty,_Elem,_Traits,_Diff> &) noexcept': не удалось вывести аргумент шаблон для 'const std::istream_iterator<_Ty,_Elem,_Traits,_Diff> &' из 'unknown-type'
      C:\Program Files\Microsoft Visual Studio\2022\Community\VC\Tools\MSVC\14.41.34120\include\xutility(4375,5):
      или       "bool std::operator ==(const std::move_iterator<_Iter> &,const std::move_iterator<_Iter2> &) noexcept(<expr>)"
          C:\Users\wqrxysf\source\repos\lab4\lab4\lab4.cpp(61,22):
          'bool std::operator ==(const std::move_iterator<_Iter> &,const std::move_iterator<_Iter2> &) noexcept(<expr>)': не удалось вывести аргумент шаблон для 'const std::move_iterator<_Iter> &' из 'unknown-type'
      C:\Program Files\Microsoft Visual Studio\2022\Community\VC\Tools\MSVC\14.41.34120\include\xutility(1826,5):
      или       "bool std::operator ==(const std::reverse_iterator<_BidIt> &,const std::reverse_iterator<_BidIt2> &) noexcept(<expr>)"
          C:\Users\wqrxysf\source\repos\lab4\lab4\lab4.cpp(61,22):
          'bool std::operator ==(const std::reverse_iterator<_BidIt> &,const std::reverse_iterator<_BidIt2> &) noexcept(<expr>)': не удалось вывести аргумент шаблон для 'const std::reverse_iterator<_BidIt> &' из 'unknown-type'
      C:\Program Files\Microsoft Visual Studio\2022\Community\VC\Tools\MSVC\14.41.34120\include\utility(483,27):
      или       "bool std::operator ==(const std::pair<_Ty1,_Ty2> &,const std::pair<_Uty1,_Uty2> &)"
          C:\Users\wqrxysf\source\repos\lab4\lab4\lab4.cpp(61,22):
          'bool std::operator ==(const std::pair<_Ty1,_Ty2> &,const std::pair<_Uty1,_Uty2> &)': не удалось вывести аргумент шаблон для 'const std::pair<_Ty1,_Ty2> &' из 'unknown-type'
  
C:\Users\wqrxysf\source\repos\lab4\lab4\lab4.cpp(64,39): error C2429: для функция языка "структурированные привязки" нужен флаг компилятора "/std:c++17" 
C:\Users\wqrxysf\source\repos\lab4\lab4\lab4.cpp(98,27): error C2429: для функция языка "структурированные привязки" нужен флаг компилятора "/std:c++17" 
C:\Users\wqrxysf\source\repos\lab4\lab4\lab4.cpp(99,27): error C2677: бинарный "==": не найден глобальный оператор, принимающий тип "const Apartment" (или приемлемое преобразование отсутствует)
      C:\Program Files\Microsoft Visual Studio\2022\Community\VC\Tools\MSVC\14.41.34120\include\set(424,17):
      может быть "bool std::operator ==(const std::multiset<_Kty,_Pr,_Alloc> &,const std::multiset<_Kty,_Pr,_Alloc> &)"
          C:\Users\wqrxysf\source\repos\lab4\lab4\lab4.cpp(99,17):
          'bool std::operator ==(const std::multiset<_Kty,_Pr,_Alloc> &,const std::multiset<_Kty,_Pr,_Alloc> &)': не удалось вывести аргумент шаблон для 'const std::multiset<_Kty,_Pr,_Alloc> &' из 'unknown-type'
      C:\Program Files\Microsoft Visual Studio\2022\Community\VC\Tools\MSVC\14.41.34120\include\set(209,17):
      или       "bool std::operator ==(const std::set<_Kty,_Pr,_Alloc> &,const std::set<_Kty,_Pr,_Alloc> &)"
          C:\Users\wqrxysf\source\repos\lab4\lab4\lab4.cpp(99,17):
          'bool std::operator ==(const std::set<_Kty,_Pr,_Alloc> &,const std::set<_Kty,_Pr,_Alloc> &)': не удалось вывести аргумент шаблон для 'const std::set<_Kty,_Pr,_Alloc> &' из 'unknown-type'
      C:\Program Files\Microsoft Visual Studio\2022\Community\VC\Tools\MSVC\14.41.34120\include\unordered_map(908,17):
      или       "bool std::operator ==(const std::unordered_multimap<_Kty,_Ty,_Hasher,_Keyeq,_Alloc> &,const std::unordered_multimap<_Kty,_Ty,_Hasher,_Keyeq,_Alloc> &)"
          C:\Users\wqrxysf\source\repos\lab4\lab4\lab4.cpp(99,17):
          'bool std::operator ==(const std::unordered_multimap<_Kty,_Ty,_Hasher,_Keyeq,_Alloc> &,const std::unordered_multimap<_Kty,_Ty,_Hasher,_Keyeq,_Alloc> &)': не удалось вывести аргумент шаблон для 'const std::unordered_multimap<_Kty,_Ty,_Hasher,_Keyeq,_Alloc> &' из 'unknown-type'
      C:\Program Files\Microsoft Visual Studio\2022\Community\VC\Tools\MSVC\14.41.34120\include\unordered_map(536,17):
      или       "bool std::operator ==(const std::unordered_map<_Kty,_Ty,_Hasher,_Keyeq,_Alloc> &,const std::unordered_map<_Kty,_Ty,_Hasher,_Keyeq,_Alloc> &)"
          C:\Users\wqrxysf\source\repos\lab4\lab4\lab4.cpp(99,17):
          'bool std::operator ==(const std::unordered_map<_Kty,_Ty,_Hasher,_Keyeq,_Alloc> &,const std::unordered_map<_Kty,_Ty,_Hasher,_Keyeq,_Alloc> &)': не удалось вывести аргумент шаблон для 'const std::unordered_map<_Kty,_Ty,_Hasher,_Keyeq,_Alloc> &' из 'unknown-type'
      C:\Program Files\Microsoft Visual Studio\2022\Community\VC\Tools\MSVC\14.41.34120\include\tuple(863,27):
      или       "bool std::operator ==(const std::tuple<_Types...> &,const std::tuple<_Types...> &)"
          C:\Users\wqrxysf\source\repos\lab4\lab4\lab4.cpp(99,17):
          'bool std::operator ==(const std::tuple<_Types...> &,const std::tuple<_Types...> &)': не удалось вывести аргумент шаблон для 'const std::tuple<_Types...> &' из 'unknown-type'
      C:\Program Files\Microsoft Visual Studio\2022\Community\VC\Tools\MSVC\14.41.34120\include\list(1878,17):
      или       "bool std::operator ==(const std::list<_Ty,_Alloc> &,const std::list<_Ty,_Alloc> &)"
          C:\Users\wqrxysf\source\repos\lab4\lab4\lab4.cpp(99,17):
          'bool std::operator ==(const std::list<_Ty,_Alloc> &,const std::list<_Ty,_Alloc> &)': не удалось вывести аргумент шаблон для 'const std::list<_Ty,_Alloc> &' из 'unknown-type'
      C:\Program Files\Microsoft Visual Studio\2022\Community\VC\Tools\MSVC\14.41.34120\include\vector(2224,30):
      или       "bool std::operator ==(const std::vector<_Ty,_Alloc> &,const std::vector<_Ty,_Alloc> &)"
          C:\Users\wqrxysf\source\repos\lab4\lab4\lab4.cpp(99,17):
          'bool std::operator ==(const std::vector<_Ty,_Alloc> &,const std::vector<_Ty,_Alloc> &)': не удалось вывести аргумент шаблон для 'const std::vector<_Ty,_Alloc> &' из 'unknown-type'
      C:\Program Files\Microsoft Visual Studio\2022\Community\VC\Tools\MSVC\14.41.34120\include\memory(3687,17):
      или       "bool std::operator ==(std::nullptr_t,const std::unique_ptr<_Ty,_Dx> &) noexcept"
          C:\Users\wqrxysf\source\repos\lab4\lab4\lab4.cpp(99,17):
          'bool std::operator ==(std::nullptr_t,const std::unique_ptr<_Ty,_Dx> &) noexcept': не удалось вывести аргумент шаблон для 'const std::unique_ptr<_Ty,_Dx> &' из 'const Apartment'
      C:\Program Files\Microsoft Visual Studio\2022\Community\VC\Tools\MSVC\14.41.34120\include\memory(3681,30):
      или       "bool std::operator ==(const std::unique_ptr<_Ty,_Dx> &,std::nullptr_t) noexcept"
          C:\Users\wqrxysf\source\repos\lab4\lab4\lab4.cpp(99,17):
          'bool std::operator ==(const std::unique_ptr<_Ty,_Dx> &,std::nullptr_t) noexcept': не удалось вывести аргумент шаблон для 'const std::unique_ptr<_Ty,_Dx> &' из 'unknown-type'
      C:\Program Files\Microsoft Visual Studio\2022\Community\VC\Tools\MSVC\14.41.34120\include\memory(3633,30):
      или       "bool std::operator ==(const std::unique_ptr<_Ty,_Dx> &,const std::unique_ptr<_Ty2,_Dx2> &)"
          C:\Users\wqrxysf\source\repos\lab4\lab4\lab4.cpp(99,17):
          'bool std::operator ==(const std::unique_ptr<_Ty,_Dx> &,const std::unique_ptr<_Ty2,_Dx2> &)': не удалось вывести аргумент шаблон для 'const std::unique_ptr<_Ty,_Dx> &' из 'unknown-type'
      C:\Program Files\Microsoft Visual Studio\2022\Community\VC\Tools\MSVC\14.41.34120\include\memory(1923,17):
      или       "bool std::operator ==(std::nullptr_t,const std::shared_ptr<_Ty> &) noexcept"
          C:\Users\wqrxysf\source\repos\lab4\lab4\lab4.cpp(99,17):
          'bool std::operator ==(std::nullptr_t,const std::shared_ptr<_Ty> &) noexcept': не удалось вывести аргумент шаблон для 'const std::shared_ptr<_Ty> &' из 'const Apartment'
      C:\Program Files\Microsoft Visual Studio\2022\Community\VC\Tools\MSVC\14.41.34120\include\memory(1912,17):
      или       "bool std::operator ==(const std::shared_ptr<_Ty> &,std::nullptr_t) noexcept"
          C:\Users\wqrxysf\source\repos\lab4\lab4\lab4.cpp(99,17):
          'bool std::operator ==(const std::shared_ptr<_Ty> &,std::nullptr_t) noexcept': не удалось вывести аргумент шаблон для 'const std::shared_ptr<_Ty> &' из 'unknown-type'
      C:\Program Files\Microsoft Visual Studio\2022\Community\VC\Tools\MSVC\14.41.34120\include\memory(1875,17):
      или       "bool std::operator ==(const std::shared_ptr<_Ty> &,const std::shared_ptr<_Ty0> &) noexcept"
          C:\Users\wqrxysf\source\repos\lab4\lab4\lab4.cpp(99,17):
          'bool std::operator ==(const std::shared_ptr<_Ty> &,const std::shared_ptr<_Ty0> &) noexcept': не удалось вывести аргумент шаблон для 'const std::shared_ptr<_Ty> &' из 'unknown-type'
      C:\Program Files\Microsoft Visual Studio\2022\Community\VC\Tools\MSVC\14.41.34120\include\xstring(3258,17):
      или       "bool std::operator ==(const _Elem *const ,const std::basic_string<_Elem,_Traits,_Alloc> &) noexcept"
          C:\Users\wqrxysf\source\repos\lab4\lab4\lab4.cpp(99,17):
          'bool std::operator ==(const _Elem *const ,const std::basic_string<_Elem,_Traits,_Alloc> &) noexcept': не удалось вывести аргумент шаблон для 'const _Elem *const ' из 'unknown-type'
      C:\Program Files\Microsoft Visual Studio\2022\Community\VC\Tools\MSVC\14.41.34120\include\xstring(3239,30):
      или       "bool std::operator ==(const std::basic_string<_Elem,_Traits,_Alloc> &,const _Elem *const ) noexcept"
          C:\Users\wqrxysf\source\repos\lab4\lab4\lab4.cpp(99,17):
          'bool std::operator ==(const std::basic_string<_Elem,_Traits,_Alloc> &,const _Elem *const ) noexcept': не удалось вывести аргумент шаблон для 'const std::basic_string<_Elem,_Traits,_Alloc> &' из 'unknown-type'
      C:\Program Files\Microsoft Visual Studio\2022\Community\VC\Tools\MSVC\14.41.34120\include\xstring(3233,30):
      или       "bool std::operator ==(const std::basic_string<_Elem,_Traits,_Alloc> &,const std::basic_string<_Elem,_Traits,_Alloc> &) noexcept"
          C:\Users\wqrxysf\source\repos\lab4\lab4\lab4.cpp(99,17):
          'bool std::operator ==(const std::basic_string<_Elem,_Traits,_Alloc> &,const std::basic_string<_Elem,_Traits,_Alloc> &) noexcept': не удалось вывести аргумент шаблон для 'const std::basic_string<_Elem,_Traits,_Alloc> &' из 'unknown-type'
      C:\Program Files\Microsoft Visual Studio\2022\Community\VC\Tools\MSVC\14.41.34120\include\xmemory(1014,30):
      или       "bool std::operator ==(const std::allocator<_Ty> &,const std::allocator<_Other> &) noexcept"
          C:\Users\wqrxysf\source\repos\lab4\lab4\lab4.cpp(99,17):
          'bool std::operator ==(const std::allocator<_Ty> &,const std::allocator<_Other> &) noexcept': не удалось вывести аргумент шаблон для 'const std::allocator<_Ty> &' из 'unknown-type'
      C:\Program Files\Microsoft Visual Studio\2022\Community\VC\Tools\MSVC\14.41.34120\include\iterator(488,17):
      или       "bool std::operator ==(const std::istreambuf_iterator<_Elem,_Traits> &,const std::istreambuf_iterator<_Elem,_Traits> &)"
          C:\Users\wqrxysf\source\repos\lab4\lab4\lab4.cpp(99,17):
          'bool std::operator ==(const std::istreambuf_iterator<_Elem,_Traits> &,const std::istreambuf_iterator<_Elem,_Traits> &)': не удалось вывести аргумент шаблон для 'const std::istreambuf_iterator<_Elem,_Traits> &' из 'unknown-type'
      C:\Program Files\Microsoft Visual Studio\2022\Community\VC\Tools\MSVC\14.41.34120\include\iterator(306,17):
      или       "bool std::operator ==(const std::istream_iterator<_Ty,_Elem,_Traits,_Diff> &,const std::istream_iterator<_Ty,_Elem,_Traits,_Diff> &) noexcept"
          C:\Users\wqrxysf\source\repos\lab4\lab4\lab4.cpp(99,17):
          'bool std::operator ==(const std::istream_iterator<_Ty,_Elem,_Traits,_Diff> &,const std::istream_iterator<_Ty,_Elem,_Traits,_Diff> &) noexcept': не удалось вывести аргумент шаблон для 'const std::istream_iterator<_Ty,_Elem,_Traits,_Diff> &' из 'unknown-type'
      C:\Program Files\Microsoft Visual Studio\2022\Community\VC\Tools\MSVC\14.41.34120\include\xutility(4375,5):
      или       "bool std::operator ==(const std::move_iterator<_Iter> &,const std::move_iterator<_Iter2> &) noexcept(<expr>)"
          C:\Users\wqrxysf\source\repos\lab4\lab4\lab4.cpp(99,17):
          'bool std::operator ==(const std::move_iterator<_Iter> &,const std::move_iterator<_Iter2> &) noexcept(<expr>)': не удалось вывести аргумент шаблон для 'const std::move_iterator<_Iter> &' из 'unknown-type'
      C:\Program Files\Microsoft Visual Studio\2022\Community\VC\Tools\MSVC\14.41.34120\include\xutility(1826,5):
      или       "bool std::operator ==(const std::reverse_iterator<_BidIt> &,const std::reverse_iterator<_BidIt2> &) noexcept(<expr>)"
          C:\Users\wqrxysf\source\repos\lab4\lab4\lab4.cpp(99,17):
          'bool std::operator ==(const std::reverse_iterator<_BidIt> &,const std::reverse_iterator<_BidIt2> &) noexcept(<expr>)': не удалось вывести аргумент шаблон для 'const std::reverse_iterator<_BidIt> &' из 'unknown-type'
      C:\Program Files\Microsoft Visual Studio\2022\Community\VC\Tools\MSVC\14.41.34120\include\utility(483,27):
      или       "bool std::operator ==(const std::pair<_Ty1,_Ty2> &,const std::pair<_Uty1,_Uty2> &)"
          C:\Users\wqrxysf\source\repos\lab4\lab4\lab4.cpp(99,17):
          'bool std::operator ==(const std::pair<_Ty1,_Ty2> &,const std::pair<_Uty1,_Uty2> &)': не удалось вывести аргумент шаблон для 'const std::pair<_Ty1,_Ty2> &' из 'unknown-type'
  
C:\Users\wqrxysf\source\repos\lab4\lab4\lab4.cpp(100,53): error C2672: "begin": не найдена соответствующая перегруженная функция
      C:\Program Files\Microsoft Visual Studio\2022\Community\VC\Tools\MSVC\14.41.34120\include\xutility(1962,27):
      может быть "_Ty *std::begin(_Ty (&)[_Size]) noexcept"
          C:\Users\wqrxysf\source\repos\lab4\lab4\lab4.cpp(100,53):
          '_Ty *std::begin(_Ty (&)[_Size]) noexcept': не удалось вывести аргумент шаблон для '_Ty (&)[_Size]' из 'unknown-type'
      C:\Program Files\Microsoft Visual Studio\2022\Community\VC\Tools\MSVC\14.41.34120\include\xutility(1944,30):
      или       "unknown-type std::begin(const _Container &) noexcept(<expr>)"
          C:\Users\wqrxysf\source\repos\lab4\lab4\lab4.cpp(100,53):
          Сбой при специализации функции-шаблона "unknown-type std::begin(const _Container &) noexcept(<expr>)"
              C:\Users\wqrxysf\source\repos\lab4\lab4\lab4.cpp(100,53):
              Со следующими аргументами шаблона:
                  C:\Users\wqrxysf\source\repos\lab4\lab4\lab4.cpp(100,53):
                  "_Container=unknown-type"
      C:\Program Files\Microsoft Visual Studio\2022\Community\VC\Tools\MSVC\14.41.34120\include\xutility(1938,30):
      или       "unknown-type std::begin(_Container &) noexcept(<expr>)"
          C:\Users\wqrxysf\source\repos\lab4\lab4\lab4.cpp(100,53):
          Сбой при специализации функции-шаблона "unknown-type std::begin(_Container &) noexcept(<expr>)"
              C:\Users\wqrxysf\source\repos\lab4\lab4\lab4.cpp(100,53):
              Со следующими аргументами шаблона:
                  C:\Users\wqrxysf\source\repos\lab4\lab4\lab4.cpp(100,53):
                  "_Container=unknown-type"
      C:\Program Files\Microsoft Visual Studio\2022\Community\VC\Tools\MSVC\14.41.34120\include\initializer_list(54,35):
      или       "const _Elem *std::begin(std::initializer_list<_Elem>) noexcept"
          C:\Users\wqrxysf\source\repos\lab4\lab4\lab4.cpp(100,53):
          'const _Elem *std::begin(std::initializer_list<_Elem>) noexcept': не удалось вывести аргумент шаблон для 'std::initializer_list<_Elem>' из 'unknown-type'
  
C:\Users\wqrxysf\source\repos\lab4\lab4\lab4.cpp(100,53): error C2672: "end": не найдена соответствующая перегруженная функция
      C:\Program Files\Microsoft Visual Studio\2022\Community\VC\Tools\MSVC\14.41.34120\include\xutility(1967,27):
      может быть "_Ty *std::end(_Ty (&)[_Size]) noexcept"
          C:\Users\wqrxysf\source\repos\lab4\lab4\lab4.cpp(100,53):
          '_Ty *std::end(_Ty (&)[_Size]) noexcept': не удалось вывести аргумент шаблон для '_Ty (&)[_Size]' из 'unknown-type'
      C:\Program Files\Microsoft Visual Studio\2022\Community\VC\Tools\MSVC\14.41.34120\include\xutility(1956,30):
      или       "unknown-type std::end(const _Container &) noexcept(<expr>)"
          C:\Users\wqrxysf\source\repos\lab4\lab4\lab4.cpp(100,53):
          Сбой при специализации функции-шаблона "unknown-type std::end(const _Container &) noexcept(<expr>)"
              C:\Users\wqrxysf\source\repos\lab4\lab4\lab4.cpp(100,53):
              Со следующими аргументами шаблона:
                  C:\Users\wqrxysf\source\repos\lab4\lab4\lab4.cpp(100,53):
                  "_Container=unknown-type"
      C:\Program Files\Microsoft Visual Studio\2022\Community\VC\Tools\MSVC\14.41.34120\include\xutility(1950,30):
      или       "unknown-type std::end(_Container &) noexcept(<expr>)"
          C:\Users\wqrxysf\source\repos\lab4\lab4\lab4.cpp(100,53):
          Сбой при специализации функции-шаблона "unknown-type std::end(_Container &) noexcept(<expr>)"
              C:\Users\wqrxysf\source\repos\lab4\lab4\lab4.cpp(100,53):
              Со следующими аргументами шаблона:
                  C:\Users\wqrxysf\source\repos\lab4\lab4\lab4.cpp(100,53):
                  "_Container=unknown-type"
      C:\Program Files\Microsoft Visual Studio\2022\Community\VC\Tools\MSVC\14.41.34120\include\initializer_list(59,35):
      или       "const _Elem *std::end(std::initializer_list<_Elem>) noexcept"
          C:\Users\wqrxysf\source\repos\lab4\lab4\lab4.cpp(100,53):
          'const _Elem *std::end(std::initializer_list<_Elem>) noexcept': не удалось вывести аргумент шаблон для 'std::initializer_list<_Elem>' из 'unknown-type'
  
C:\Users\wqrxysf\source\repos\lab4\lab4\lab4.cpp(100,53): error C3536: <begin>$L1: не может использоваться до инициализации
C:\Users\wqrxysf\source\repos\lab4\lab4\lab4.cpp(100,53): error C3536: <end>$L1: не может использоваться до инициализации
C:\Users\wqrxysf\source\repos\lab4\lab4\lab4.cpp(100,57): error C2100: нельзя разыменовать операнд типа "int"
C:\Users\wqrxysf\source\repos\lab4\lab4\lab4.cpp(100,35): error C2429: для функция языка "структурированные привязки" нужен флаг компилятора "/std:c++17" 
C:\Users\wqrxysf\source\repos\lab4\lab4\lab4.cpp(101,21): error C2593: неоднозначный "оператор <<"
      C:\Program Files\Microsoft Visual Studio\2022\Community\VC\Tools\MSVC\14.41.34120\include\ostream(486,39):
      может быть "std::basic_ostream<char,std::char_traits<char>> &std::basic_ostream<char,std::char_traits<char>>::operator <<(std::basic_streambuf<char,std::char_traits<char>> *)"
      C:\Program Files\Microsoft Visual Studio\2022\Community\VC\Tools\MSVC\14.41.34120\include\ostream(454,39):
      или       "std::basic_ostream<char,std::char_traits<char>> &std::basic_ostream<char,std::char_traits<char>>::operator <<(const void *)"
      C:\Program Files\Microsoft Visual Studio\2022\Community\VC\Tools\MSVC\14.41.34120\include\ostream(436,39):
      или       "std::basic_ostream<char,std::char_traits<char>> &std::basic_ostream<char,std::char_traits<char>>::operator <<(long double)"
      C:\Program Files\Microsoft Visual Studio\2022\Community\VC\Tools\MSVC\14.41.34120\include\ostream(418,39):
      или       "std::basic_ostream<char,std::char_traits<char>> &std::basic_ostream<char,std::char_traits<char>>::operator <<(double)"
      C:\Program Files\Microsoft Visual Studio\2022\Community\VC\Tools\MSVC\14.41.34120\include\ostream(400,39):
      или       "std::basic_ostream<char,std::char_traits<char>> &std::basic_ostream<char,std::char_traits<char>>::operator <<(float)"
      C:\Program Files\Microsoft Visual Studio\2022\Community\VC\Tools\MSVC\14.41.34120\include\ostream(382,39):
      или       "std::basic_ostream<char,std::char_traits<char>> &std::basic_ostream<char,std::char_traits<char>>::operator <<(unsigned __int64)"
      C:\Program Files\Microsoft Visual Studio\2022\Community\VC\Tools\MSVC\14.41.34120\include\ostream(364,39):
      или       "std::basic_ostream<char,std::char_traits<char>> &std::basic_ostream<char,std::char_traits<char>>::operator <<(__int64)"
      C:\Program Files\Microsoft Visual Studio\2022\Community\VC\Tools\MSVC\14.41.34120\include\ostream(346,39):
      или       "std::basic_ostream<char,std::char_traits<char>> &std::basic_ostream<char,std::char_traits<char>>::operator <<(unsigned long)"
      C:\Program Files\Microsoft Visual Studio\2022\Community\VC\Tools\MSVC\14.41.34120\include\ostream(328,39):
      или       "std::basic_ostream<char,std::char_traits<char>> &std::basic_ostream<char,std::char_traits<char>>::operator <<(long)"
      C:\Program Files\Microsoft Visual Studio\2022\Community\VC\Tools\MSVC\14.41.34120\include\ostream(309,39):
      или       "std::basic_ostream<char,std::char_traits<char>> &std::basic_ostream<char,std::char_traits<char>>::operator <<(unsigned int)"
      C:\Program Files\Microsoft Visual Studio\2022\Community\VC\Tools\MSVC\14.41.34120\include\ostream(283,39):
      или       "std::basic_ostream<char,std::char_traits<char>> &std::basic_ostream<char,std::char_traits<char>>::operator <<(int)"
      C:\Program Files\Microsoft Visual Studio\2022\Community\VC\Tools\MSVC\14.41.34120\include\ostream(264,39):
      или       "std::basic_ostream<char,std::char_traits<char>> &std::basic_ostream<char,std::char_traits<char>>::operator <<(unsigned short)"
      C:\Program Files\Microsoft Visual Studio\2022\Community\VC\Tools\MSVC\14.41.34120\include\ostream(230,39):
      или       "std::basic_ostream<char,std::char_traits<char>> &std::basic_ostream<char,std::char_traits<char>>::operator <<(short)"
      C:\Program Files\Microsoft Visual Studio\2022\Community\VC\Tools\MSVC\14.41.34120\include\ostream(212,39):
      или       "std::basic_ostream<char,std::char_traits<char>> &std::basic_ostream<char,std::char_traits<char>>::operator <<(bool)"
      C:\Program Files\Microsoft Visual Studio\2022\Community\VC\Tools\MSVC\14.41.34120\include\ostream(206,39):
      или       "std::basic_ostream<char,std::char_traits<char>> &std::basic_ostream<char,std::char_traits<char>>::operator <<(std::ios_base &(__cdecl *)(std::ios_base &))"
      C:\Program Files\Microsoft Visual Studio\2022\Community\VC\Tools\MSVC\14.41.34120\include\ostream(200,39):
      или       "std::basic_ostream<char,std::char_traits<char>> &std::basic_ostream<char,std::char_traits<char>>::operator <<(std::basic_ios<char,std::char_traits<char>> &(__cdecl *)(std::basic_ios<char,std::char_traits<char>> &))"
      C:\Program Files\Microsoft Visual Studio\2022\Community\VC\Tools\MSVC\14.41.34120\include\ostream(195,39):
      или       "std::basic_ostream<char,std::char_traits<char>> &std::basic_ostream<char,std::char_traits<char>>::operator <<(std::basic_ostream<char,std::char_traits<char>> &(__cdecl *)(std::basic_ostream<char,std::char_traits<char>> &))"
      C:\Program Files\Microsoft Visual Studio\2022\Community\VC\Tools\MSVC\14.41.34120\include\ostream(1088,32):
      или       "std::basic_ostream<char,std::char_traits<char>> &std::operator <<<char,std::char_traits<char>>(std::basic_ostream<char,std::char_traits<char>> &,const std::error_code &)"
      C:\Program Files\Microsoft Visual Studio\2022\Community\VC\Tools\MSVC\14.41.34120\include\ostream(953,31):
      или       "std::basic_ostream<char,std::char_traits<char>> &std::operator <<<std::char_traits<char>>(std::basic_ostream<char,std::char_traits<char>> &,unsigned char)"
      C:\Program Files\Microsoft Visual Studio\2022\Community\VC\Tools\MSVC\14.41.34120\include\ostream(947,31):
      или       "std::basic_ostream<char,std::char_traits<char>> &std::operator <<<std::char_traits<char>>(std::basic_ostream<char,std::char_traits<char>> &,const unsigned char *)"
      C:\Program Files\Microsoft Visual Studio\2022\Community\VC\Tools\MSVC\14.41.34120\include\ostream(942,31):
      или       "std::basic_ostream<char,std::char_traits<char>> &std::operator <<<std::char_traits<char>>(std::basic_ostream<char,std::char_traits<char>> &,signed char)"
      C:\Program Files\Microsoft Visual Studio\2022\Community\VC\Tools\MSVC\14.41.34120\include\ostream(936,31):
      или       "std::basic_ostream<char,std::char_traits<char>> &std::operator <<<std::char_traits<char>>(std::basic_ostream<char,std::char_traits<char>> &,const signed char *)"
      C:\Program Files\Microsoft Visual Studio\2022\Community\VC\Tools\MSVC\14.41.34120\include\ostream(819,31):
      или       "std::basic_ostream<char,std::char_traits<char>> &std::operator <<<std::char_traits<char>>(std::basic_ostream<char,std::char_traits<char>> &,char)"
      C:\Program Files\Microsoft Visual Studio\2022\Community\VC\Tools\MSVC\14.41.34120\include\ostream(774,31):
      или       "std::basic_ostream<char,std::char_traits<char>> &std::operator <<<std::char_traits<char>>(std::basic_ostream<char,std::char_traits<char>> &,const char *)"
      C:\Program Files\Microsoft Visual Studio\2022\Community\VC\Tools\MSVC\14.41.34120\include\ostream(738,32):
      или       "std::basic_ostream<char,std::char_traits<char>> &std::operator <<<char,std::char_traits<char>>(std::basic_ostream<char,std::char_traits<char>> &,char)"
      C:\Program Files\Microsoft Visual Studio\2022\Community\VC\Tools\MSVC\14.41.34120\include\ostream(694,32):
      или       "std::basic_ostream<char,std::char_traits<char>> &std::operator <<<char,std::char_traits<char>>(std::basic_ostream<char,std::char_traits<char>> &,const char *)"
      C:\Users\wqrxysf\source\repos\lab4\lab4\lab4.cpp(101,21):
      при попытке сопоставить список аргументов "(std::ostream, unknown-type)"
  
C:\Users\wqrxysf\source\repos\lab4\lab4\lab4.cpp(112,27): error C2429: для функция языка "структурированные привязки" нужен флаг компилятора "/std:c++17" 
C:\Users\wqrxysf\source\repos\lab4\lab4\lab4.cpp(157,28): error C2248: CityExchange::parseApartment: невозможно обратиться к private член, объявленному в классе "CityExchange"
      C:\Users\wqrxysf\source\repos\lab4\lab4\lab4.cpp(133,15):
       см. объявление "CityExchange::parseApartment"
      C:\Users\wqrxysf\source\repos\lab4\lab4\lab4.cpp(44,7):
       см. объявление "CityExchange"
  
